<?xml version="1.0" encoding="UTF-8"?>
<testng-results ignored="0" total="2" passed="2" failed="0" skipped="0">
  <reporter-output>
  </reporter-output>
  <suite started-at="2020-12-06T14:38:01 IST" name="Default suite" finished-at="2020-12-06T14:39:05 IST" duration-ms="63378">
    <groups>
    </groups>
    <test started-at="2020-12-06T14:38:01 IST" name="Default test" finished-at="2020-12-06T14:39:05 IST" duration-ms="63378">
      <class name="AEC_Testcase.AEC_testcase_add_student">
        <test-method is-config="true" signature="setup()[pri:0, instance:AEC_Testcase.AEC_testcase_add_student@26e356f0]" started-at="2020-12-06T14:38:01 IST" name="setup" finished-at="2020-12-06T14:38:34 IST" duration-ms="32459" status="PASS">
          <reporter-output>
          </reporter-output>
        </test-method> <!-- setup -->
        <test-method signature="genaral_information()[pri:1, instance:AEC_Testcase.AEC_testcase_add_student@26e356f0]" started-at="2020-12-06T14:38:34 IST" name="genaral_information" finished-at="2020-12-06T14:38:50 IST" duration-ms="15481" status="PASS">
          <reporter-output>
          </reporter-output>
        </test-method> <!-- genaral_information -->
        <test-method signature="education_history()[pri:2, instance:AEC_Testcase.AEC_testcase_add_student@26e356f0]" started-at="2020-12-06T14:38:50 IST" name="education_history" finished-at="2020-12-06T14:39:05 IST" duration-ms="15345" status="PASS">
          <reporter-output>
          </reporter-output>
        </test-method> <!-- education_history -->
      </class> <!-- AEC_Testcase.AEC_testcase_add_student -->
    </test> <!-- Default test -->
  </suite> <!-- Default suite -->
</testng-results>
